<?xml version="1.0" encoding="UTF-8" standalone="no"?>
<testsuite errors="0" failures="1" name="io.cucumber.core.plugin.JUnitFormatter" skipped="0" tests="1" time="19.638">
<testcase classname="Glb Trader Sign In ve join now sayfalarinin test edilmesi" name="TC_0015_Şifre Min 5 karekter olmalı" time="19.162">
<failure message="" type="java.lang.AssertionError"><![CDATA[Given kullanici glbtrader singup "https://www.glbtrader.com/register.html" sayfasina gider.passed
Given kullanici singupemailkutusuna "rebecamerkel@gmail.com" degerini girer.passed
And kullanici singupnamekutusuna "rebeca merkel" degerini girer.............passed
And kullanici singupmobilekutusuna "852146389" degerini girer...............passed
And kullanici singuppasswordkutusuna "1234" degerini girer..................passed
And kullanici singupconfirmpasswordkutusuna "1234" degerini girer...........passed
And kullanici singup butonuna tiklar........................................passed
Then kullanici hatali kayit islemini assert eder............................failed

StackTrace:
java.lang.AssertionError
	at org.junit.Assert.fail(Assert.java:87)
	at org.junit.Assert.assertTrue(Assert.java:42)
	at org.junit.Assert.assertTrue(Assert.java:53)
	at Stepdefinitions.Us001StepDefinition.kullanici_hatali_kayit_islemini_assert_eder(Us001StepDefinition.java:70)
	at ✽.kullanici hatali kayit islemini assert eder(file:///C:/Users/Abdullah/IdeaProjects/GLTT5/src/test/resources/features/Us001.feature:167)
]]></failure>
</testcase>
</testsuite>
